log=runs/go_top6_output_heads_dsa/logs/run_20260619_165456.log
started_at=2026-06-19T16:54:56-03:00

--- preflight: go test ./... ---
?   	github.com/NathanielChristian2077/gomlp/cmd/bench	[no test files]
?   	github.com/NathanielChristian2077/gomlp/cmd/compare	[no test files]
?   	github.com/NathanielChristian2077/gomlp/cmd/ensemble	[no test files]
?   	github.com/NathanielChristian2077/gomlp/cmd/super-sweep	[no test files]
?   	github.com/NathanielChristian2077/gomlp/cmd/sweep	[no test files]
?   	github.com/NathanielChristian2077/gomlp/cmd/train	[no test files]
?   	github.com/NathanielChristian2077/gomlp/data	[no test files]
ok  	github.com/NathanielChristian2077/gomlp/experiment	(cached)
?   	github.com/NathanielChristian2077/gomlp/internal/tensor	[no test files]
?   	github.com/NathanielChristian2077/gomlp/metrics	[no test files]
ok  	github.com/NathanielChristian2077/gomlp/nn	(cached)
dataset=./dataset
runs_root=runs/go_top6_output_heads_dsa
epochs=500 thresholds=0,0.025,0.05,0.075,0.1
skip_bench=1 only_rank=1
manifest=runs/go_top6_output_heads_dsa/top6_manifest.csv

=== rank=1 label=rank1_32x64x512_softmax2_lr0p01_b16_s7 hidden=32x64x512 head=softmax2 lr=0.01 batch=16 seed=7 ===
--- compare split=validation ---
run_id=b980b0149657 run_dir=runs/go_top6_output_heads_dsa/go_runs/b980b0149657_rank1_32x64x512_softmax2_lr0p01_b16_s7 best_epoch=11 head=softmax2 split=validation samples=100 out=runs/go_top6_output_heads_dsa/rank1_32x64x512_softmax2_lr0p01_b16_s7/compare_validation.csv
mode               threshold  loss       acc        precision  recall     f1         ms           speedup      active         avg_active   sparsity   mismatch  
dense              0          0.689436   0.5900     0.8000     0.2400     0.3692     17           1.0000       60800/60800    202.6667     0.0000     0         
  activations_by_layer: L0=32.00/32;L1=64.00/64;L2=512.00/512
sparse_exact       0          0.689436   0.5900     0.8000     0.2400     0.3692     13           1.1152       28879/60800    96.2633      0.5250     0         
  activations_by_layer: L0=3.01/32;L1=34.97/64;L2=250.81/512
sparse_threshold   0.025      0.689811   0.5700     0.7333     0.2200     0.3385     13           1.1342       24541/60800    81.8033      0.5964     2         
  activations_by_layer: L0=2.78/32;L1=30.26/64;L2=212.37/512
sparse_threshold   0.05       0.689342   0.5600     0.7143     0.2000     0.3125     12           1.1549       20458/60800    68.1933      0.6635     3         
  activations_by_layer: L0=2.65/32;L1=25.25/64;L2=176.68/512
sparse_threshold   0.075      0.688684   0.5700     0.7333     0.2200     0.3385     11           1.1715       16823/60800    56.0767      0.7233     8         
  activations_by_layer: L0=2.51/32;L1=21.39/64;L2=144.33/512
sparse_threshold   0.1        0.688790   0.5400     0.6667     0.1600     0.2581     11           1.1879       13255/60800    44.1833      0.7820     5         
  activations_by_layer: L0=2.36/32;L1=17.70/64;L2=112.49/512
--- compare split=test ---
run_id=b980b0149657 run_dir=runs/go_top6_output_heads_dsa/go_runs/b980b0149657_rank1_32x64x512_softmax2_lr0p01_b16_s7 best_epoch=11 head=softmax2 split=test samples=100 out=runs/go_top6_output_heads_dsa/rank1_32x64x512_softmax2_lr0p01_b16_s7/compare_test.csv
mode               threshold  loss       acc        precision  recall     f1         ms           speedup      active         avg_active   sparsity   mismatch  
dense              0          0.689732   0.5100     0.6000     0.0600     0.1091     15           1.0000       60800/60800    202.6667     0.0000     0         
  activations_by_layer: L0=32.00/32;L1=64.00/64;L2=512.00/512
sparse_exact       0          0.689732   0.5100     0.6000     0.0600     0.1091     13           1.1132       28974/60800    96.5800      0.5235     0         
  activations_by_layer: L0=2.78/32;L1=35.52/64;L2=251.44/512
sparse_threshold   0.025      0.689300   0.5100     0.5714     0.0800     0.1404     12           1.1344       24269/60800    80.8967      0.6008     2         
  activations_by_layer: L0=2.54/32;L1=30.23/64;L2=209.92/512
sparse_threshold   0.05       0.689774   0.5100     0.5714     0.0800     0.1404     12           1.1554       19724/60800    65.7467      0.6756     6         
  activations_by_layer: L0=2.40/32;L1=25.18/64;L2=169.66/512
sparse_threshold   0.075      0.689029   0.4900     0.4000     0.0400     0.0727     12           1.1753       15752/60800    52.5067      0.7409     4         
  activations_by_layer: L0=2.20/32;L1=20.58/64;L2=134.74/512
sparse_threshold   0.1        0.691581   0.5000     0.5000     0.0600     0.1071     11           1.1921       12382/60800    41.2733      0.7963     7         
  activations_by_layer: L0=2.03/32;L1=16.81/64;L2=104.98/512
skip rank=2 because ONLY_RANK=1
skip rank=3 because ONLY_RANK=1
skip rank=4 because ONLY_RANK=1
skip rank=5 because ONLY_RANK=1
skip rank=6 because ONLY_RANK=1

done
finished_at=2026-06-19T16:56:22-03:00
manifest=runs/go_top6_output_heads_dsa/top6_manifest.csv
log=runs/go_top6_output_heads_dsa/logs/run_20260619_165456.log
per-candidate outputs are under runs/go_top6_output_heads_dsa/<label>/
