train=300 validation=100 test=100 input=4096 hidden=128 epochs=100 batch=16 lr=0.001000 out=results/baseline_dense_h128_b16_lr001/seed_4.csv
train: total=300 cat=150 dog=150
validation: total=100 cat=50 dog=50
test: total=100 cat=50 dog=50
epoch=1 train_loss=0.704183 train_acc=0.51 val_loss=0.721853 val_acc=0.54
epoch=10 train_loss=0.672433 train_acc=0.59 val_loss=0.711825 val_acc=0.56
epoch=20 train_loss=0.651966 train_acc=0.64 val_loss=0.708823 val_acc=0.54
epoch=30 train_loss=0.635448 train_acc=0.69 val_loss=0.705857 val_acc=0.54
epoch=40 train_loss=0.620406 train_acc=0.71 val_loss=0.704083 val_acc=0.58
epoch=50 train_loss=0.605947 train_acc=0.74 val_loss=0.702467 val_acc=0.56
epoch=60 train_loss=0.594744 train_acc=0.73 val_loss=0.705310 val_acc=0.53
epoch=70 train_loss=0.579764 train_acc=0.77 val_loss=0.704668 val_acc=0.56
epoch=80 train_loss=0.563163 train_acc=0.81 val_loss=0.703271 val_acc=0.56
epoch=90 train_loss=0.550293 train_acc=0.83 val_loss=0.703907 val_acc=0.55
epoch=100 train_loss=0.536746 train_acc=0.82 val_loss=0.704927 val_acc=0.52
selected_epoch=51 selected_val_loss=0.702027 selected_val_acc=0.59
test_loss=0.704159 test_acc=0.52 precision=0.53 recall=0.42 f1=0.47
confusion_matrix:
TN=31 FP=19
FN=29 TP=21
predictions:
i=0 y=0 yHat=0.483143
i=1 y=0 yHat=0.432317
i=2 y=0 yHat=0.419082
i=3 y=0 yHat=0.506353
i=4 y=0 yHat=0.441980
i=5 y=0 yHat=0.350531
i=6 y=0 yHat=0.439198
i=7 y=0 yHat=0.529253
i=8 y=0 yHat=0.517235
i=9 y=0 yHat=0.568892
