train=300 validation=100 test=100 input=4096 hidden=128 epochs=100 batch=16 lr=0.001000 out=results/baseline_dense_h128_b16_lr001/seed_2.csv
train: total=300 cat=150 dog=150
validation: total=100 cat=50 dog=50
test: total=100 cat=50 dog=50
epoch=1 train_loss=0.696221 train_acc=0.52 val_loss=0.689122 val_acc=0.58
epoch=10 train_loss=0.669999 train_acc=0.62 val_loss=0.698135 val_acc=0.55
epoch=20 train_loss=0.649108 train_acc=0.66 val_loss=0.699409 val_acc=0.52
epoch=30 train_loss=0.632053 train_acc=0.68 val_loss=0.703600 val_acc=0.55
epoch=40 train_loss=0.615582 train_acc=0.74 val_loss=0.705883 val_acc=0.51
epoch=50 train_loss=0.601261 train_acc=0.77 val_loss=0.709411 val_acc=0.55
epoch=60 train_loss=0.587540 train_acc=0.78 val_loss=0.712396 val_acc=0.55
epoch=70 train_loss=0.574153 train_acc=0.81 val_loss=0.713446 val_acc=0.50
epoch=80 train_loss=0.562721 train_acc=0.82 val_loss=0.717489 val_acc=0.51
epoch=90 train_loss=0.547744 train_acc=0.85 val_loss=0.717964 val_acc=0.53
epoch=100 train_loss=0.536346 train_acc=0.84 val_loss=0.722291 val_acc=0.52
selected_epoch=1 selected_val_loss=0.689122 selected_val_acc=0.58
test_loss=0.717194 test_acc=0.45 precision=0.46 recall=0.60 f1=0.52
confusion_matrix:
TN=15 FP=35
FN=20 TP=30
predictions:
i=0 y=0 yHat=0.567109
i=1 y=0 yHat=0.561899
i=2 y=0 yHat=0.502701
i=3 y=0 yHat=0.526416
i=4 y=0 yHat=0.602261
i=5 y=0 yHat=0.471632
i=6 y=0 yHat=0.528981
i=7 y=0 yHat=0.493403
i=8 y=0 yHat=0.444178
i=9 y=0 yHat=0.486016
