train=300 validation=100 test=100 input=4096 hidden=128 epochs=100 batch=16 lr=0.001000 out=results/baseline_dense_h128_b16_lr001/seed_3.csv
train: total=300 cat=150 dog=150
validation: total=100 cat=50 dog=50
test: total=100 cat=50 dog=50
epoch=1 train_loss=0.708906 train_acc=0.49 val_loss=0.710487 val_acc=0.52
epoch=10 train_loss=0.674670 train_acc=0.58 val_loss=0.711019 val_acc=0.49
epoch=20 train_loss=0.651294 train_acc=0.63 val_loss=0.713168 val_acc=0.49
epoch=30 train_loss=0.636078 train_acc=0.66 val_loss=0.716712 val_acc=0.45
epoch=40 train_loss=0.616177 train_acc=0.69 val_loss=0.720822 val_acc=0.45
epoch=50 train_loss=0.596223 train_acc=0.75 val_loss=0.716678 val_acc=0.47
epoch=60 train_loss=0.579708 train_acc=0.78 val_loss=0.718397 val_acc=0.49
epoch=70 train_loss=0.564742 train_acc=0.79 val_loss=0.723281 val_acc=0.50
epoch=80 train_loss=0.565198 train_acc=0.72 val_loss=0.732195 val_acc=0.49
epoch=90 train_loss=0.536663 train_acc=0.84 val_loss=0.724060 val_acc=0.50
epoch=100 train_loss=0.531191 train_acc=0.80 val_loss=0.730647 val_acc=0.47
selected_epoch=1 selected_val_loss=0.710487 selected_val_acc=0.52
test_loss=0.708474 test_acc=0.53 precision=0.54 recall=0.44 f1=0.48
confusion_matrix:
TN=31 FP=19
FN=28 TP=22
predictions:
i=0 y=0 yHat=0.403506
i=1 y=0 yHat=0.535275
i=2 y=0 yHat=0.476067
i=3 y=0 yHat=0.618992
i=4 y=0 yHat=0.547079
i=5 y=0 yHat=0.458293
i=6 y=0 yHat=0.407827
i=7 y=0 yHat=0.428561
i=8 y=0 yHat=0.449091
i=9 y=0 yHat=0.547654
