train=300 validation=100 test=100 input=4096 hidden=128 epochs=100 batch=16 lr=0.001000 out=results/baseline_dense_h128_b16_lr001/seed_42.csv
train: total=300 cat=150 dog=150
validation: total=100 cat=50 dog=50
test: total=100 cat=50 dog=50
epoch=1 train_loss=0.704256 train_acc=0.50 val_loss=0.683595 val_acc=0.59
epoch=10 train_loss=0.668008 train_acc=0.62 val_loss=0.688274 val_acc=0.54
epoch=20 train_loss=0.644072 train_acc=0.66 val_loss=0.693681 val_acc=0.56
epoch=30 train_loss=0.622004 train_acc=0.72 val_loss=0.687953 val_acc=0.54
epoch=40 train_loss=0.603085 train_acc=0.74 val_loss=0.689141 val_acc=0.54
epoch=50 train_loss=0.592014 train_acc=0.75 val_loss=0.693136 val_acc=0.50
epoch=60 train_loss=0.569876 train_acc=0.79 val_loss=0.696621 val_acc=0.52
epoch=70 train_loss=0.556265 train_acc=0.80 val_loss=0.693183 val_acc=0.50
epoch=80 train_loss=0.543485 train_acc=0.81 val_loss=0.701910 val_acc=0.55
epoch=90 train_loss=0.533151 train_acc=0.83 val_loss=0.697673 val_acc=0.52
epoch=100 train_loss=0.510178 train_acc=0.84 val_loss=0.696749 val_acc=0.52
selected_epoch=12 selected_val_loss=0.688139 selected_val_acc=0.60
test_loss=0.725096 test_acc=0.44 precision=0.36 recall=0.16 f1=0.22
confusion_matrix:
TN=36 FP=14
FN=42 TP=8
predictions:
i=0 y=0 yHat=0.430199
i=1 y=0 yHat=0.547232
i=2 y=0 yHat=0.296919
i=3 y=0 yHat=0.627633
i=4 y=0 yHat=0.370710
i=5 y=0 yHat=0.464716
i=6 y=0 yHat=0.452196
i=7 y=0 yHat=0.533136
i=8 y=0 yHat=0.387732
i=9 y=0 yHat=0.459350
